2021-04-21 00:16:39 INFO  BookBookStoreService:55 - getting all books
2021-04-23 21:11:34 INFO  AuthorBookStoreService:21 - start creating author
2021-04-23 21:11:34 INFO  AuthorBookStoreService:28 - finish creating author
2021-04-23 21:12:40 INFO  AuthorBookStoreService:21 - start creating author
2021-04-23 21:12:40 INFO  AuthorBookStoreService:28 - finish creating author
2021-04-23 21:14:12 INFO  AuthorBookStoreService:55 - getting all authors
2021-04-23 21:14:12 INFO  AuthorBookStoreService:33 - start updating author
2021-04-23 21:14:12 INFO  AuthorBookStoreService:39 - finish updating author
2021-04-23 21:14:12 INFO  BookBookStoreService:21 - start creating book
2021-04-23 21:14:12 INFO  BookBookStoreService:27 - finish creating book
2021-04-23 21:14:59 INFO  AuthorBookStoreService:55 - getting all authors
2021-04-23 21:14:59 INFO  AuthorBookStoreService:33 - start updating author
2021-04-23 21:14:59 INFO  AuthorBookStoreService:39 - finish updating author
2021-04-23 21:14:59 INFO  BookBookStoreService:21 - start creating book
2021-04-23 21:14:59 INFO  BookBookStoreService:27 - finish creating book
2021-04-23 21:15:11 INFO  BookBookStoreService:55 - getting all books
2021-04-23 21:15:11 INFO  BookBookStoreService:65 - finding authors by a book
2021-04-23 21:15:11 INFO  BookBookStoreService:65 - finding authors by a book
2021-04-23 21:16:00 INFO  AuthorBookStoreService:55 - getting all authors
2021-04-23 21:16:00 INFO  AuthorBookStoreService:71 - finding books by an author
2021-04-23 21:16:00 INFO  AuthorBookStoreService:71 - finding books by an author
2021-04-23 21:17:12 INFO  AuthorBookStoreService:55 - getting all authors
2021-04-23 21:17:12 INFO  AuthorBookStoreService:55 - getting all authors
2021-04-23 21:17:12 INFO  BookBookStoreService:71 - finding books by an author
2021-04-23 21:17:43 INFO  AuthorBookStoreService:55 - getting all authors
2021-04-23 21:17:43 INFO  BookBookStoreService:55 - getting all books
2021-04-23 21:17:43 INFO  BookBookStoreService:55 - getting all books
2021-04-23 21:18:03 INFO  BookBookStoreService:32 - start updating book
2021-04-23 21:18:03 INFO  BookBookStoreService:38 - finish updating book
2021-04-23 21:18:33 INFO  AuthorBookStoreService:55 - getting all authors
2021-04-23 21:18:33 INFO  AuthorBookStoreService:33 - start updating author
2021-04-23 21:18:33 ERROR AuthorBookStoreService:35 - author doesn't exist, nothing to update
2021-04-23 21:21:42 INFO  BookBookStoreService:55 - getting all books
2021-04-23 21:21:42 INFO  BookBookStoreService:65 - finding authors by a book
2021-04-23 21:21:42 INFO  BookBookStoreService:65 - finding authors by a book
2021-04-23 21:22:16 INFO  AuthorBookStoreService:55 - getting all authors
2021-04-23 21:22:16 INFO  BookBookStoreService:55 - getting all books
2021-04-23 21:22:16 INFO  BookBookStoreService:55 - getting all books
2021-04-23 21:22:38 INFO  BookBookStoreService:32 - start updating book
2021-04-23 21:22:38 INFO  BookBookStoreService:38 - finish updating book
2021-04-23 21:22:48 INFO  AuthorBookStoreService:55 - getting all authors
2021-04-23 21:22:48 INFO  AuthorBookStoreService:33 - start updating author
2021-04-23 21:22:48 ERROR AuthorBookStoreService:35 - author doesn't exist, nothing to update
