2021-03-27 23:02:16 INFO  AuthorService:55 - getting all authors
2021-03-27 23:02:16 INFO  BookService:48 - getting all books
2021-03-27 23:02:16 INFO  AuthorService:19 - start creating author
2021-03-27 23:02:16 INFO  AuthorService:32 - finish creating author
2021-03-27 23:02:16 INFO  BookService:19 - start creating book
2021-03-27 23:02:16 INFO  BookService:25 - finish creating book
2021-03-27 23:02:16 INFO  AuthorService:55 - getting all authors
2021-03-27 23:02:16 INFO  BookService:48 - getting all books
2021-03-27 23:20:20 INFO  AuthorService:55 - getting all authors
2021-03-27 23:23:24 INFO  AuthorService:55 - getting all authors
2021-03-27 23:23:24 INFO  BookService:48 - getting all books
2021-03-27 23:23:24 INFO  AuthorService:19 - start creating author
2021-03-27 23:23:24 INFO  AuthorService:32 - finish creating author
2021-03-27 23:23:24 INFO  BookService:19 - start creating book
2021-03-27 23:23:24 INFO  BookService:25 - finish creating book
2021-03-27 23:23:24 INFO  AuthorService:55 - getting all authors
2021-03-27 23:23:24 INFO  BookService:48 - getting all books
2021-03-27 23:23:24 INFO  AuthorService:55 - getting all authors
2021-03-27 23:23:24 INFO  BookService:48 - getting all books
2021-03-27 23:23:24 INFO  AuthorService:37 - start updating author
2021-03-27 23:23:24 INFO  AuthorService:43 - finish updating author
2021-03-27 23:23:24 INFO  BookService:30 - start updating book
2021-03-27 23:23:24 INFO  BookService:36 - finish updating book
2021-03-27 23:40:24 INFO  AuthorService:55 - getting all authors
2021-03-27 23:40:24 INFO  BookService:48 - getting all books
2021-03-27 23:40:24 INFO  AuthorService:55 - getting all authors
2021-03-27 23:40:24 INFO  BookService:48 - getting all books
2021-03-27 23:40:24 INFO  AuthorService:19 - start creating author
2021-03-27 23:40:24 INFO  AuthorService:32 - finish creating author
2021-03-27 23:40:24 INFO  BookService:19 - start creating book
2021-03-27 23:40:24 INFO  BookService:25 - finish creating book
2021-03-27 23:40:24 INFO  AuthorService:55 - getting all authors
2021-03-27 23:40:24 INFO  BookService:48 - getting all books
2021-03-27 23:40:24 INFO  AuthorService:55 - getting all authors
2021-03-27 23:40:24 INFO  BookService:48 - getting all books
2021-03-27 23:40:24 INFO  AuthorService:48 - start deleting author
2021-03-27 23:40:24 INFO  AuthorService:50 - finish deleting author
2021-03-27 23:40:24 INFO  BookService:41 - start deleting book
2021-03-27 23:40:24 INFO  BookService:43 - finish deleting book
2021-03-27 23:40:24 INFO  AuthorService:55 - getting all authors
2021-03-27 23:40:24 INFO  BookService:48 - getting all books
2021-03-27 23:54:17 INFO  AuthorService:55 - getting all authors
2021-03-27 23:54:18 INFO  BookService:48 - getting all books
2021-03-27 23:54:18 INFO  AuthorService:19 - start creating author
2021-03-27 23:54:18 INFO  AuthorService:32 - finish creating author
2021-03-27 23:54:18 INFO  BookService:19 - start creating book
2021-03-27 23:54:18 INFO  BookService:25 - finish creating book
2021-03-27 23:54:18 INFO  AuthorService:55 - getting all authors
2021-03-27 23:54:18 INFO  BookService:48 - getting all books
2021-03-27 23:54:18 INFO  AuthorService:55 - getting all authors
2021-03-27 23:54:18 INFO  AuthorService:71 - finding books by an author
2021-03-28 00:05:58 INFO  AuthorService:55 - getting all authors
2021-03-28 00:05:58 INFO  BookService:48 - getting all books
2021-03-28 00:05:58 INFO  AuthorService:19 - start creating author
2021-03-28 00:05:58 INFO  AuthorService:32 - finish creating author
2021-03-28 00:05:58 INFO  BookService:19 - start creating book
2021-03-28 00:05:58 INFO  BookService:25 - finish creating book
2021-03-28 00:05:58 INFO  AuthorService:55 - getting all authors
2021-03-28 00:05:58 INFO  BookService:48 - getting all books
2021-03-28 00:05:58 INFO  BookService:48 - getting all books
2021-03-28 00:05:58 INFO  BookService:64 - finding authors by a book
